<TIME>{TimeStamp}{}Fri Mar 10 13:40:41 2017
<INFO>{pessum/logging}{InitializeLogging}Opened Log File output.log
<DEBUG>{[63,23]}{}
<DEBUG>{[2,22]}{}
<DEBUG>{[77,14]}{}
<DEBUG>{[112,10]}{}
<DEBUG>{[49,28]}{}
<DEBUG>{[47,7]}{}
<DEBUG>{[102,15]}{}
<DEBUG>{[5,14]}{}
<DEBUG>{[80,10]}{}
<DEBUG>{[92,29]}{}
<DEBUG>{[116,0]}{}
<DEBUG>{[77,29]}{}
<DATA>{(77,14)}{}
<DATA>{(116,0)}{}
<DATA>{(47,7)}{}
<DATA>{(102,15)}{}
<DATA>{(116,0)}{}
<DATA>{(77,14)}{}
<DATA>{(49,28)}{}
<DATA>{(49,28)}{}
<DATA>{(80,10)}{}
<DEBUG>{[53,19]}{}
<DATA>{(112,10)}{}
<DATA>{(112,10)}{}
<DEBUG>{[23,28]}{}
<DATA>{(53,19)}{}
<DATA>{(53,19)}{}
<DEBUG>{[113,12]}{}
<DATA>{(112,10)}{}
<DEBUG>{[11,26]}{}
<DATA>{(53,19)}{}
<DEBUG>{[79,6]}{}
<DEBUG>{[28,7]}{}
<DATA>{(79,6)}{}
<DATA>{(79,6)}{}
<DATA>{(79,6)}{}
<DEBUG>{[70,18]}{}
<DATA>{(113,12)}{}
<DATA>{(113,12)}{}
<DATA>{(113,12)}{}
<DEBUG>{[73,0]}{}
<DATA>{(70,18)}{}
<DATA>{(70,18)}{}
<DATA>{(70,18)}{}
<DEBUG>{[79,1]}{}
<DATA>{(79,1)}{}
<DATA>{(70,18)}{}
<DATA>{(79,1)}{}
<DEBUG>{[100,16]}{}
<DATA>{(100,16)}{}
<DATA>{(100,16)}{}
<DATA>{(100,16)}{}
<DEBUG>{[26,22]}{}
<DATA>{(73,0)}{}
<DATA>{(73,0)}{}
<DEBUG>{[6,29]}{}
<DEBUG>{[70,9]}{}
<DATA>{(70,9)}{}
<DATA>{(92,29)}{}
<DATA>{(92,29)}{}
<DATA>{(92,29)}{}
<DATA>{(70,9)}{}
<DEBUG>{[60,2]}{}
<DATA>{(70,9)}{}
<DATA>{(70,9)}{}
<DATA>{(70,9)}{}
<DATA>{(70,9)}{}
<DEBUG>{[5,7]}{}
<DATA>{(60,2)}{}
<DATA>{(60,2)}{}
<DATA>{(60,2)}{}
<DATA>{(60,2)}{}
<DATA>{(77,29)}{}
<DATA>{(60,2)}{}
<DEBUG>{[90,26]}{}
<DATA>{(90,26)}{}
<DATA>{(90,26)}{}
<DATA>{(90,26)}{}
<DEBUG>{[75,27]}{}
<DATA>{(77,29)}{}
<DATA>{(77,29)}{}
<DATA>{(77,29)}{}
<DEBUG>{[77,24]}{}
<DEBUG>{[43,15]}{}
<DATA>{(75,27)}{}
<DATA>{(43,15)}{}
<DATA>{(75,27)}{}
<DATA>{(43,15)}{}
<DATA>{(43,15)}{}
<DEBUG>{[76,25]}{}
<DATA>{(76,25)}{}
<DATA>{(76,25)}{}
<DATA>{(76,25)}{}
<DATA>{(75,27)}{}
<DEBUG>{[112,0]}{}
<DATA>{(76,25)}{}
<DATA>{(76,25)}{}
<DATA>{(76,25)}{}
<DEBUG>{[42,10]}{}
<DATA>{(43,15)}{}
<DATA>{(112,0)}{}
<DATA>{(112,0)}{}
<DATA>{(112,0)}{}
<DATA>{(43,15)}{}
<DATA>{(43,15)}{}
<DEBUG>{[41,25]}{}
<DATA>{(42,10)}{}
<DATA>{(42,10)}{}
<DATA>{(42,10)}{}
<DATA>{(42,10)}{}
<DATA>{(42,10)}{}
<DATA>{(42,10)}{}
<DEBUG>{[9,3]}{}
<DATA>{(41,25)}{}
<DATA>{(28,7)}{}
<DATA>{(41,25)}{}
<DATA>{(41,25)}{}
<DATA>{(41,25)}{}
<DATA>{(41,25)}{}
<DEBUG>{[54,26]}{}
<DEBUG>{[10,7]}{}
<DATA>{(54,26)}{}
<DATA>{(26,22)}{}
<DATA>{(54,26)}{}
<DATA>{(54,26)}{}
<DATA>{(54,26)}{}
<DATA>{(54,26)}{}
<DEBUG>{[0,18]}{}
<DATA>{(26,22)}{}
<DATA>{(112,0)}{}
<DATA>{(26,22)}{}
<DATA>{(26,22)}{}
<DATA>{(26,22)}{}
<DEBUG>{[72,22]}{}
<DATA>{(72,22)}{}
<DATA>{(72,22)}{}
<DATA>{(72,22)}{}
<DATA>{(72,22)}{}
<DEBUG>{[22,18]}{}
<DATA>{(22,18)}{}
<DATA>{(22,18)}{}
<DATA>{(22,18)}{}
<DATA>{(23,28)}{}
<DATA>{(72,22)}{}
<DEBUG>{[4,28]}{}
<DATA>{(23,28)}{}
<DATA>{(23,28)}{}
<DATA>{(23,28)}{}
<DEBUG>{[22,5]}{}
<DATA>{(22,5)}{}
<DATA>{(11,26)}{}
<DATA>{(11,26)}{}
<DATA>{(22,5)}{}
<DEBUG>{[48,11]}{}
<DATA>{(6,29)}{}
<DATA>{(6,29)}{}
<DEBUG>{[68,15]}{}
<DATA>{(68,15)}{}
<DATA>{(68,15)}{}
<DATA>{(68,15)}{}
<DATA>{(68,15)}{}
<DATA>{(68,15)}{}
<DEBUG>{[102,12]}{}
<DATA>{(4,28)}{}
<DATA>{(4,28)}{}
<DEBUG>{[122,1]}{}
<DATA>{(0,18)}{}
<DATA>{(0,18)}{}
<DEBUG>{[35,16]}{}
<DATA>{(10,7)}{}
<DATA>{(35,16)}{}
<DEBUG>{[93,14]}{}
<DATA>{(93,14)}{}
<DATA>{(48,11)}{}
<DATA>{(93,14)}{}
<DATA>{(48,11)}{}
<DATA>{(48,11)}{}
<DEBUG>{[82,22]}{}
<DATA>{(5,14)}{}
<DATA>{(5,14)}{}
<DEBUG>{[50,2]}{}
<DATA>{(9,3)}{}
<DEBUG>{[68,8]}{}
<DATA>{(48,11)}{}
<DEBUG>{[25,7]}{}
<DATA>{(5,7)}{}
<DEBUG>{[5,8]}{}
<DATA>{(5,8)}{}
<DATA>{(5,8)}{}
<DEBUG>{[35,0]}{}
<DATA>{(50,2)}{}
<DATA>{(68,8)}{}
<DATA>{(35,0)}{}
<DATA>{(68,8)}{}
<DEBUG>{[21,21]}{}
<DATA>{(5,8)}{}
<DEBUG>{[109,11]}{}
<DATA>{(25,7)}{}
<DATA>{(25,7)}{}
<DATA>{(21,21)}{}
<DEBUG>{[117,6]}{}
<DATA>{(35,0)}{}
<DEBUG>{[84,10]}{}
<DEBUG>{[111,8]}{}
<DATA>{(102,12)}{}
<DATA>{(25,7)}{}
<DATA>{(82,22)}{}
<DATA>{(25,7)}{}
<DEBUG>{[52,23]}{}
<DATA>{(21,21)}{}
<DATA>{(21,21)}{}
<DATA>{(52,23)}{}
<DATA>{(21,21)}{}
<DEBUG>{[116,17]}{}
<DATA>{(109,11)}{}
<DEBUG>{[57,13]}{}
<DATA>{(111,8)}{}
<DEBUG>{[97,7]}{}
<DATA>{(117,6)}{}
<DEBUG>{[85,16]}{}
<DATA>{(52,23)}{}
<DATA>{(52,23)}{}
<DATA>{(52,23)}{}
<DATA>{(52,23)}{}
<DEBUG>{[106,14]}{}
<DATA>{(122,1)}{}
<DEBUG>{[101,15]}{}
<DATA>{(57,13)}{}
<DATA>{(57,13)}{}
<DATA>{(57,13)}{}
<DATA>{(57,13)}{}
<DATA>{(57,13)}{}
<DEBUG>{[5,21]}{}
<DATA>{(116,17)}{}
<DEBUG>{[47,6]}{}
<DATA>{(47,6)}{}
<DATA>{(5,21)}{}
<DATA>{(68,8)}{}
<DATA>{(5,21)}{}
<DATA>{(47,6)}{}
<DEBUG>{[52,9]}{}
<DATA>{(106,14)}{}
<DEBUG>{[19,6]}{}
<DEBUG>{[29,2]}{}
<DATA>{(52,9)}{}
<DATA>{(52,9)}{}
<DATA>{(82,22)}{}
<DATA>{(52,9)}{}
<DATA>{(52,9)}{}
<DEBUG>{[119,14]}{}
<DATA>{(101,15)}{}
<DEBUG>{[15,15]}{}
<DATA>{(29,2)}{}
<DATA>{(84,10)}{}
<DATA>{(29,2)}{}
<DATA>{(84,10)}{}
<DEBUG>{[108,10]}{}
<DATA>{(108,10)}{}
<DEBUG>{[96,4]}{}
<DATA>{(97,7)}{}
<DEBUG>{[77,9]}{}
<DATA>{(85,16)}{}
<DATA>{(77,9)}{}
<DEBUG>{[55,19]}{}
<DATA>{(96,4)}{}
<DEBUG>{[19,4]}{}
<DATA>{(55,19)}{}
<DATA>{(19,4)}{}
<DEBUG>{[26,2]}{}
<DATA>{(82,22)}{}
<DEBUG>{[41,6]}{}
<DATA>{(77,9)}{}
<DEBUG>{[98,0]}{}
<DATA>{(77,9)}{}
<DATA>{(77,9)}{}
<DATA>{(77,9)}{}
<DEBUG>{[45,12]}{}
<DATA>{(19,6)}{}
<DEBUG>{[67,13]}{}
<DATA>{(26,2)}{}
<DEBUG>{[32,10]}{}
<DATA>{(67,13)}{}
<DATA>{(67,13)}{}
<DATA>{(98,0)}{}
<DATA>{(67,13)}{}
<DATA>{(67,13)}{}
<DEBUG>{[33,24]}{}
<DATA>{(55,19)}{}
<DATA>{(55,19)}{}
<DATA>{(55,19)}{}
<DATA>{(55,19)}{}
<DEBUG>{[0,8]}{}
<DATA>{(41,6)}{}
<DATA>{(45,12)}{}
<DATA>{(45,12)}{}
<DATA>{(45,12)}{}
<DATA>{(45,12)}{}
<DEBUG>{[76,25]}{}
<DATA>{(76,25)}{}
<DATA>{(41,6)}{}
<DATA>{(76,25)}{}
<DATA>{(41,6)}{}
<DEBUG>{[68,19]}{}
<DATA>{(32,10)}{}
<DEBUG>{[49,13]}{}
<DATA>{(32,10)}{}
<DATA>{(32,10)}{}
<DATA>{(68,19)}{}
<DEBUG>{[11,0]}{}
<DATA>{(49,13)}{}
<DATA>{(33,24)}{}
<DATA>{(11,0)}{}
<DEBUG>{[120,22]}{}
<DATA>{(49,13)}{}
<DEBUG>{[98,19]}{}
<DATA>{(15,15)}{}
<DATA>{(68,19)}{}
<DEBUG>{[73,6]}{}
<DATA>{(76,25)}{}
<DATA>{(73,6)}{}
<DEBUG>{[5,26]}{}
<DATA>{(73,6)}{}
<DATA>{(73,6)}{}
<DATA>{(73,6)}{}
<INFO>{pessum/logging}{TerminatedLogging}Terminated Log File
<TIME>{TimeStamp}{}Fri Mar 10 13:42:33 2017
